<?xml version="1.0" encoding="UTF-8"?>
<!-- Generated by org.testng.reporters.JUnitReportReporter -->
<testsuite hostname="Saathvik" failures="0" tests="1" name="practice.AssertionPractice" time="0.021" errors="0" timestamp="2023-10-11T10:25:41 IST" skipped="0">
  <testcase classname="practice.AssertionPractice" name="practice" time="0.021"/>
</testsuite> <!-- practice.AssertionPractice -->
