<?xml version="1.0" encoding="UTF-8"?>
<!-- Generated by org.testng.reporters.JUnitReportReporter -->
<testsuite hostname="Saathvik" failures="0" tests="3" name="practice.TestNgPractice" time="0.011" errors="0" timestamp="2023-10-04T16:47:32 IST" skipped="0">
  <testcase classname="practice.TestNgPractice" name="createCustomer" time="0.008"/>
  <testcase classname="practice.TestNgPractice" name="modifyCustomer" time="0.002"/>
  <testcase classname="practice.TestNgPractice" name="deleteCustomer" time="0.001"/>
</testsuite> <!-- practice.TestNgPractice -->
