<?xml version="1.0" encoding="UTF-8"?>
<!-- Generated by org.testng.reporters.JUnitReportReporter -->
<testsuite hostname="Saathvik" failures="0" tests="3" name="practice.DataProvider" time="0.016" errors="0" timestamp="2023-10-12T15:50:05 IST" skipped="0">
  <testcase classname="practice.DataProvider" name="addProductToCart" time="0.001"/>
  <testcase classname="practice.DataProvider" name="addProductToCart" time="0.014"/>
  <testcase classname="practice.DataProvider" name="addProductToCart" time="0.001"/>
</testsuite> <!-- practice.DataProvider -->
