<?xml version="1.0" encoding="UTF-8"?>
<!-- Generated by org.testng.reporters.JUnitReportReporter -->
<testsuite hostname="Saathvik" failures="0" tests="1" name="practice.CreateContactWithOrgTest" time="68.225" errors="0" timestamp="2023-10-11T10:01:37 IST" skipped="0">
  <testcase classname="practice.CreateContactWithOrgTest" name="createContactWithOrgTest" time="68.225"/>
</testsuite> <!-- practice.CreateContactWithOrgTest -->
