<?xml version="1.0" encoding="UTF-8"?>
<!-- Generated by org.testng.reporters.JUnitReportReporter -->
<testsuite hostname="Saathvik" failures="0" tests="1" name="practice.CreateContactWithOrgAssertTest" time="37.734" errors="0" timestamp="2023-10-11T11:43:37 IST" skipped="0">
  <testcase classname="practice.CreateContactWithOrgAssertTest" name="CreateContactWithOrgAssertTest" time="37.734"/>
</testsuite> <!-- practice.CreateContactWithOrgAssertTest -->
